<?xml version="1.0" encoding="UTF-8"?>
<dataset>
    <!-- user -->
    <muser id="1" first_name="Dev" last_name="MeRC" display_name="Dev MeRC" password="12345" email="dev.merc@gmail.com" unique_id="dev.merc@gmail.com" is_activated="true" is_rejected ="false"/>
    <muser id="2" first_name="Test" last_name="Modc" display_name="Test Modc" password="12345" email="test.modc@gmail.com" unique_id="test.modc@gmail.com" is_activated="true" is_rejected ="false"/>
    <profile id="1" gender ="Male" user_id="1" city="Melbourne" country="Australia"/>
    <profile id="2" gender ="Male" user_id="2" city="Melbourne" country="Australia"/>

    <!-- project -->
    <project id="1" name="test-project1" unique_id="test-1" description="this is a dev  description" owner_id="1" auto_publish="true"/>
    <project id="16" name="test-collection16" unique_id="test1-16" description="this is a dev collection" owner_id="1" auto_publish="false"/>
    <project id="20" name="dev-collection20" unique_id="dev1-20" description="this is a test collection" owner_id="2" auto_publish="false"/>

    <collection id="1" name="test-collection1" ref_key="101" description="this is test-collection description" project_id="1"/>
    <collection id="2" name="test-collection2" ref_key="102" description="this is test-collection 102 description" project_id="1"/>
    <collection id="3" name="test-collection3" ref_key="103" description="this is test-collection 103 description" project_id="16"/>
    <collection id="4" name="test-collection4" ref_key="104" description="this is test-collection 104 description" project_id="16"/>
    <collection id="5" name="test-collection5" ref_key="105" description="this is test-collection 105 description" project_id="1"/>
    <collection id="6" name="test-collection6" ref_key="106" description="this is test-collection 106 description" project_id="1"/>
    <collection id="7" name="test-collection7" ref_key="107" description="this is test-collection 107 description" project_id="1"/>
    <collection id="8" name="test-collection8" ref_key="108" description="this is test-collection 108 description" project_id="1"/>
    <collection id="9" name="test-collection9" ref_key="109" description="this is test-collection 109 description" project_id="1"/>
    <collection id="10" name="test-collection10" ref_key="110" description="this is test-collection 110 description" project_id="1"/>
    <collection id="11" name="dev-collection11" ref_key="111" description="this is dev-collection 111 description" project_id="20"/>
    <collection id="12" name="dev-collection12" ref_key="112" description="this is dev-collection 112 description" project_id="20"/>
    <coverage id="1" coverage="131.150100,-12.495200" type="GML_KML_POLY_COORDS" collection_id="1" />
</dataset>