<?xml version="1.0" encoding="UTF-8"?>
<dataset>
    <!-- user -->
    <muser id="1" first_name="Dev" last_name="MeRC" display_name="Dev MeRC" password="12345" email="dev.merc@gmail.com" unique_id="dev.merc@gmail.com" is_activated="true" is_rejected="false"/>
    <muser id="2" first_name="Test" last_name="Modc" display_name="Test Modc" password="12345" email="test.modc@gmail.com" unique_id="test.modc@gmail.com" is_activated="true" is_rejected="false"/>
    <profile id="1" gender="Male" user_id="1" city="Melbourne" country="Australia"/>
    <profile id="2" gender="Male" user_id="2" city="Melbourne" country="Australia"/>

    <!-- project -->
    <project id="1" name="test-project1" unique_id="test-1" description="this is a description" owner_id="1" auto_publish="true"/>

    <collection id="1" name="test-collection1" ref_key="101" description="this is test-collection description" project_id="1"/>
    <collection id="2" name="test-collection2" ref_key="102" description="this is test-collection 102 description" project_id="1"/>
    <collection id="3" name="test-collection3" ref_key="103" description="this is test-collection 103 description" project_id="1"/>
    <collection id="4" name="test-collection4" ref_key="104" description="this is test-collection 104 description" project_id="1"/>
    <collection id="5" name="test-collection5" ref_key="105" description="this is test-collection 105 description" project_id="1"/>
    <collection id="6" name="test-collection6" ref_key="106" description="this is test-collection 106 description" project_id="1"/>

    <!-- party -->
    <party id="1" ref_key="10" identifier="MON23000010" url="http://www.monash.edu.au/eresearch" description="this is a  person party" postal_address="postal address" title="Mr." first_name="test1"
           last_name="dev1" email="test1.dev1@gmail.com" party_type="person"/>
    <party id="2" ref_key="11" identifier="MON23000011" url="http://www.monash.edu.au/eresearch" description="this is a  person party" postal_address="postal address" title="Mr." first_name="test2"
           last_name="dev2" email="test2.dev2@gmail.com" party_type="person"/>

    <!-- collection_party -->
    <collection_party collection_id="1" party_id="1"/>
    <collection_party collection_id="1" party_id="2"/>

    <collection_party collection_id="2" party_id="1"/>
    <collection_party collection_id="2" party_id="2"/>

    <collection_party collection_id="3" party_id="1"/>
    <collection_party collection_id="3" party_id="2"/>

    <collection_party collection_id="4" party_id="1"/>
    <collection_party collection_id="4" party_id="2"/>
</dataset>